\BOOKMARK [1][-]{section.1}{\376\377\000P\000r\000\351\000s\000e\000n\000t\000a\000t\000i\000o\000n\000\040\000d\000u\000\040\000P\000r\000o\000j\000e\000t}{}% 1
\BOOKMARK [2][-]{subsection.1.1}{\376\377\000O\000b\000j\000e\000c\000t\000i\000f\000\040\000P\000r\000i\000n\000c\000i\000p\000a\000l}{section.1}% 2
\BOOKMARK [2][-]{subsection.1.2}{\376\377\000C\000e\000\040\000q\000u\000e\000\040\000n\000o\000u\000s\000\040\000a\000l\000l\000o\000n\000s\000\040\000f\000a\000i\000r\000e}{section.1}% 3
\BOOKMARK [1][-]{section.2}{\376\377\000S\000t\000r\000u\000c\000t\000u\000r\000e\000\040\000d\000e\000s\000\040\000D\000o\000s\000s\000i\000e\000r\000s}{}% 4
\BOOKMARK [1][-]{section.3}{\376\377\000D\000e\000s\000c\000r\000i\000p\000t\000i\000o\000n\000\040\000d\000e\000\040\000C\000h\000a\000q\000u\000e\000\040\000F\000i\000c\000h\000i\000e\000r}{}% 5
\BOOKMARK [2][-]{subsection.3.1}{\376\377\000d\000a\000t\000a\000/\000r\000e\000s\000e\000a\000u\000\137\000a\000m\000i\000s\000.\000c\000s\000v}{section.3}% 6
\BOOKMARK [2][-]{subsection.3.2}{\376\377\000s\000r\000c\000/\000g\000r\000a\000p\000h\000e\000.\000p\000y}{section.3}% 7
\BOOKMARK [2][-]{subsection.3.3}{\376\377\000s\000r\000c\000/\000l\000o\000u\000v\000a\000i\000n\000.\000p\000y}{section.3}% 8
\BOOKMARK [2][-]{subsection.3.4}{\376\377\000s\000r\000c\000/\000g\000i\000r\000v\000a\000n\000\137\000n\000e\000w\000m\000a\000n\000.\000p\000y}{section.3}% 9
\BOOKMARK [2][-]{subsection.3.5}{\376\377\000s\000r\000c\000/\000c\000o\000m\000p\000a\000r\000a\000i\000s\000o\000n\000.\000p\000y}{section.3}% 10
\BOOKMARK [2][-]{subsection.3.6}{\376\377\000s\000r\000c\000/\000v\000i\000s\000u\000a\000l\000i\000s\000a\000t\000i\000o\000n\000.\000p\000y}{section.3}% 11
\BOOKMARK [2][-]{subsection.3.7}{\376\377\000s\000r\000c\000/\000a\000n\000a\000l\000y\000s\000e\000.\000p\000y}{section.3}% 12
\BOOKMARK [2][-]{subsection.3.8}{\376\377\000m\000a\000i\000n\000.\000p\000y}{section.3}% 13
\BOOKMARK [1][-]{section.4}{\376\377\000L\000e\000s\000\040\000A\000l\000g\000o\000r\000i\000t\000h\000m\000e\000s}{}% 14
\BOOKMARK [2][-]{subsection.4.1}{\376\377\000A\000l\000g\000o\000r\000i\000t\000h\000m\000e\000\040\000d\000e\000\040\000L\000o\000u\000v\000a\000i\000n}{section.4}% 15
\BOOKMARK [2][-]{subsection.4.2}{\376\377\000A\000l\000g\000o\000r\000i\000t\000h\000m\000e\000\040\000d\000e\000\040\000G\000i\000r\000v\000a\000n\000-\000N\000e\000w\000m\000a\000n}{section.4}% 16
\BOOKMARK [1][-]{section.5}{\376\377\000L\000a\000\040\000M\000o\000d\000u\000l\000a\000r\000i\000t\000\351}{}% 17
\BOOKMARK [1][-]{section.6}{\376\377\000A\000n\000a\000l\000y\000s\000e\000\040\000d\000e\000s\000\040\000R\000e\000l\000a\000t\000i\000o\000n\000s}{}% 18
\BOOKMARK [2][-]{subsection.6.1}{\376\377\000R\000e\000l\000a\000t\000i\000o\000n\000s\000\040\000I\000n\000t\000e\000r\000n\000e\000s}{section.6}% 19
\BOOKMARK [2][-]{subsection.6.2}{\376\377\000R\000e\000l\000a\000t\000i\000o\000n\000s\000\040\000E\000x\000t\000e\000r\000n\000e\000s}{section.6}% 20
\BOOKMARK [2][-]{subsection.6.3}{\376\377\000D\000e\000n\000s\000i\000t\000\351\000\040\000I\000n\000t\000e\000r\000n\000e}{section.6}% 21
\BOOKMARK [1][-]{section.7}{\376\377\000C\000o\000m\000p\000a\000r\000a\000i\000s\000o\000n\000\040\000P\000r\000\351\000v\000u\000e}{}% 22
\BOOKMARK [1][-]{section.8}{\376\377\000C\000o\000m\000m\000e\000n\000t\000\040\000E\000x\000\351\000c\000u\000t\000e\000r\000\040\000l\000e\000\040\000P\000r\000o\000j\000e\000t}{}% 23
\BOOKMARK [2][-]{subsection.8.1}{\376\377\000I\000n\000s\000t\000a\000l\000l\000a\000t\000i\000o\000n}{section.8}% 24
\BOOKMARK [2][-]{subsection.8.2}{\376\377\000E\000x\000\351\000c\000u\000t\000i\000o\000n}{section.8}% 25
\BOOKMARK [2][-]{subsection.8.3}{\376\377\000D\000\351\000p\000e\000n\000d\000a\000n\000c\000e\000s\000\040\000\050\000r\000e\000q\000u\000i\000r\000e\000m\000e\000n\000t\000s\000.\000t\000x\000t\000\051}{section.8}% 26
\BOOKMARK [1][-]{section.9}{\376\377\000R\000\351\000s\000u\000l\000t\000a\000t\000s\000\040\000A\000t\000t\000e\000n\000d\000u\000s}{}% 27
